c:\users\saurabh\onedrive\desktop\virtual-cricket-game\virtual-cricket-game\x64\debug\vc142.pdb
c:\users\saurabh\onedrive\desktop\virtual-cricket-game\virtual-cricket-game\x64\debug\vc142.idb
c:\users\saurabh\onedrive\desktop\virtual-cricket-game\virtual-cricket-game\x64\debug\virtual-cricket-game.nativecodeanalysis.sarif
c:\users\saurabh\onedrive\desktop\virtual-cricket-game\virtual-cricket-game\x64\debug\virtual-cricket-game.nativecodeanalysis.xml
c:\users\saurabh\onedrive\desktop\virtual-cricket-game\virtual-cricket-game\x64\debug\team.nativecodeanalysis.sarif
c:\users\saurabh\onedrive\desktop\virtual-cricket-game\virtual-cricket-game\x64\debug\team.nativecodeanalysis.xml
c:\users\saurabh\onedrive\desktop\virtual-cricket-game\virtual-cricket-game\x64\debug\player.nativecodeanalysis.sarif
c:\users\saurabh\onedrive\desktop\virtual-cricket-game\virtual-cricket-game\x64\debug\player.nativecodeanalysis.xml
c:\users\saurabh\onedrive\desktop\virtual-cricket-game\virtual-cricket-game\x64\debug\game.nativecodeanalysis.sarif
c:\users\saurabh\onedrive\desktop\virtual-cricket-game\virtual-cricket-game\x64\debug\game.nativecodeanalysis.xml
c:\users\saurabh\onedrive\desktop\virtual-cricket-game\virtual-cricket-game\x64\debug\game.obj
c:\users\saurabh\onedrive\desktop\virtual-cricket-game\virtual-cricket-game\x64\debug\player.obj
c:\users\saurabh\onedrive\desktop\virtual-cricket-game\virtual-cricket-game\x64\debug\team.obj
c:\users\saurabh\onedrive\desktop\virtual-cricket-game\virtual-cricket-game\x64\debug\virtual-cricket-game.obj
c:\users\saurabh\onedrive\desktop\virtual-cricket-game\x64\debug\virtual-cricket-game.ilk
c:\users\saurabh\onedrive\desktop\virtual-cricket-game\x64\debug\virtual-cricket-game.exe
c:\users\saurabh\onedrive\desktop\virtual-cricket-game\x64\debug\virtual-cricket-game.pdb
c:\users\saurabh\onedrive\desktop\virtual-cricket-game\virtual-cricket-game\x64\debug\vc.nativecodeanalysis.all.xml
c:\users\saurabh\onedrive\desktop\virtual-cricket-game\virtual-cricket-game\x64\debug\virtual-.aab4cf88.tlog\cl.command.1.tlog
c:\users\saurabh\onedrive\desktop\virtual-cricket-game\virtual-cricket-game\x64\debug\virtual-.aab4cf88.tlog\cl.read.1.tlog
c:\users\saurabh\onedrive\desktop\virtual-cricket-game\virtual-cricket-game\x64\debug\virtual-.aab4cf88.tlog\cl.write.1.tlog
c:\users\saurabh\onedrive\desktop\virtual-cricket-game\virtual-cricket-game\x64\debug\virtual-.aab4cf88.tlog\link.command.1.tlog
c:\users\saurabh\onedrive\desktop\virtual-cricket-game\virtual-cricket-game\x64\debug\virtual-.aab4cf88.tlog\link.read.1.tlog
c:\users\saurabh\onedrive\desktop\virtual-cricket-game\virtual-cricket-game\x64\debug\virtual-.aab4cf88.tlog\link.write.1.tlog
